<?xml version="1.0" encoding="UTF-8"?>
<testng-results ignored="0" total="1" passed="1" failed="0" skipped="0">
  <reporter-output>
  </reporter-output>
  <suite started-at="2020-05-19T17:48:43 IST" name="Default suite" finished-at="2020-05-19T17:49:04 IST" duration-ms="20998">
    <groups>
    </groups>
    <test started-at="2020-05-19T17:48:43 IST" name="Default test" finished-at="2020-05-19T17:49:04 IST" duration-ms="20998">
      <class name="BTest">
        <test-method signature="BTest()[pri:0, instance:BTest@fd07cbb]" started-at="2020-05-19T17:48:43 IST" name="BTest" finished-at="2020-05-19T17:49:03 IST" duration-ms="20928" status="PASS">
          <reporter-output>
          </reporter-output>
        </test-method> <!-- BTest -->
      </class> <!-- BTest -->
    </test> <!-- Default test -->
  </suite> <!-- Default suite -->
</testng-results>
